<?xml version="1.0" encoding="UTF-8"?>
<testng-results ignored="0" total="2" passed="1" failed="1" skipped="0">
  <reporter-output>
  </reporter-output>
  <suite started-at="2024-02-14T17:08:50 IST" name="Suite" finished-at="2024-02-14T17:08:57 IST" duration-ms="6711">
    <groups>
      <group name="regression">
        <method signature="LoginTestcase.verifyLoginTest()[pri:0, instance:testCases.LoginTestcase@4ec4f3a0]" name="verifyLoginTest" class="testCases.LoginTestcase"/>
        <method signature="ValidatesearchingwithanexistingProductName.validatingSearchbox()[pri:0, instance:testCases.ValidatesearchingwithanexistingProductName@67c27493]" name="validatingSearchbox" class="testCases.ValidatesearchingwithanexistingProductName"/>
      </group> <!-- regression -->
      <group name="master">
        <method signature="LoginTestcase.verifyLoginTest()[pri:0, instance:testCases.LoginTestcase@4ec4f3a0]" name="verifyLoginTest" class="testCases.LoginTestcase"/>
        <method signature="ValidatesearchingwithanexistingProductName.validatingSearchbox()[pri:0, instance:testCases.ValidatesearchingwithanexistingProductName@67c27493]" name="validatingSearchbox" class="testCases.ValidatesearchingwithanexistingProductName"/>
      </group> <!-- master -->
    </groups>
    <test started-at="2024-02-14T17:08:50 IST" name="Test" finished-at="2024-02-14T17:08:57 IST" duration-ms="6711">
      <class name="testCases.ValidatesearchingwithanexistingProductName">
        <test-method is-config="true" signature="Setup(java.lang.String,java.lang.String)[pri:0, instance:testCases.ValidatesearchingwithanexistingProductName@67c27493]" started-at="2024-02-14T17:08:53 IST" name="Setup" finished-at="2024-02-14T17:08:55 IST" duration-ms="1530" status="PASS">
          <params>
            <param index="0">
              <value>
                <![CDATA[chrome]]>
              </value>
            </param>
            <param index="1">
              <value>
                <![CDATA[windows]]>
              </value>
            </param>
          </params>
          <reporter-output>
          </reporter-output>
        </test-method> <!-- Setup -->
        <test-method signature="validatingSearchbox()[pri:0, instance:testCases.ValidatesearchingwithanexistingProductName@67c27493]" started-at="2024-02-14T17:08:55 IST" name="validatingSearchbox" finished-at="2024-02-14T17:08:56 IST" duration-ms="1561" status="PASS">
          <reporter-output>
          </reporter-output>
        </test-method> <!-- validatingSearchbox -->
        <test-method is-config="true" signature="teardown()[pri:0, instance:testCases.ValidatesearchingwithanexistingProductName@67c27493]" started-at="2024-02-14T17:08:56 IST" name="teardown" finished-at="2024-02-14T17:08:57 IST" duration-ms="95" status="PASS">
          <reporter-output>
          </reporter-output>
        </test-method> <!-- teardown -->
      </class> <!-- testCases.ValidatesearchingwithanexistingProductName -->
      <class name="testCases.LoginTestcase">
        <test-method is-config="true" signature="Setup(java.lang.String,java.lang.String)[pri:0, instance:testCases.LoginTestcase@4ec4f3a0]" started-at="2024-02-14T17:08:50 IST" name="Setup" finished-at="2024-02-14T17:08:52 IST" duration-ms="2425" status="PASS">
          <params>
            <param index="0">
              <value>
                <![CDATA[chrome]]>
              </value>
            </param>
            <param index="1">
              <value>
                <![CDATA[windows]]>
              </value>
            </param>
          </params>
          <reporter-output>
          </reporter-output>
        </test-method> <!-- Setup -->
        <test-method signature="verifyLoginTest()[pri:0, instance:testCases.LoginTestcase@4ec4f3a0]" started-at="2024-02-14T17:08:52 IST" name="verifyLoginTest" finished-at="2024-02-14T17:08:53 IST" duration-ms="636" status="FAIL">
          <exception class="java.lang.AssertionError">
            <message>
              <![CDATA[expected [true] but found [false]]]>
            </message>
            <full-stacktrace>
              <![CDATA[java.lang.AssertionError: expected [true] but found [false]
at org.testng.Assert.fail(Assert.java:111)
at org.testng.Assert.failNotEquals(Assert.java:1578)
at org.testng.Assert.assertEqualsImpl(Assert.java:150)
at org.testng.Assert.assertEquals(Assert.java:132)
at org.testng.Assert.assertEquals(Assert.java:1067)
at org.testng.Assert.assertEquals(Assert.java:1031)
at org.testng.Assert.assertEquals(Assert.java:1077)
at testCases.LoginTestcase.verifyLoginTest(LoginTestcase.java:30)
at java.base/jdk.internal.reflect.DirectMethodHandleAccessor.invoke(DirectMethodHandleAccessor.java:103)
at java.base/java.lang.reflect.Method.invoke(Method.java:580)
at org.testng.internal.invokers.MethodInvocationHelper.invokeMethod(MethodInvocationHelper.java:139)
at org.testng.internal.invokers.TestInvoker.invokeMethod(TestInvoker.java:664)
at org.testng.internal.invokers.TestInvoker.invokeTestMethod(TestInvoker.java:228)
at org.testng.internal.invokers.MethodRunner.runInSequence(MethodRunner.java:63)
at org.testng.internal.invokers.TestInvoker$MethodInvocationAgent.invoke(TestInvoker.java:961)
at org.testng.internal.invokers.TestInvoker.invokeTestMethods(TestInvoker.java:201)
at org.testng.internal.invokers.TestMethodWorker.invokeTestMethods(TestMethodWorker.java:148)
at org.testng.internal.invokers.TestMethodWorker.run(TestMethodWorker.java:128)
at java.base/java.util.ArrayList.forEach(ArrayList.java:1596)
at org.testng.TestRunner.privateRun(TestRunner.java:819)
at org.testng.TestRunner.run(TestRunner.java:619)
at org.testng.SuiteRunner.runTest(SuiteRunner.java:443)
at org.testng.SuiteRunner.runSequentially(SuiteRunner.java:437)
at org.testng.SuiteRunner.privateRun(SuiteRunner.java:397)
at org.testng.SuiteRunner.run(SuiteRunner.java:336)
at org.testng.SuiteRunnerWorker.runSuite(SuiteRunnerWorker.java:52)
at org.testng.SuiteRunnerWorker.run(SuiteRunnerWorker.java:95)
at org.testng.TestNG.runSuitesSequentially(TestNG.java:1301)
at org.testng.TestNG.runSuitesLocally(TestNG.java:1228)
at org.testng.TestNG.runSuites(TestNG.java:1134)
at org.testng.TestNG.run(TestNG.java:1101)
at org.apache.maven.surefire.testng.TestNGExecutor.run(TestNGExecutor.java:308)
at org.apache.maven.surefire.testng.TestNGXmlTestSuite.execute(TestNGXmlTestSuite.java:71)
at org.apache.maven.surefire.testng.TestNGProvider.invoke(TestNGProvider.java:113)
at org.apache.maven.surefire.booter.ForkedBooter.runSuitesInProcess(ForkedBooter.java:385)
at org.apache.maven.surefire.booter.ForkedBooter.execute(ForkedBooter.java:162)
at org.apache.maven.surefire.booter.ForkedBooter.run(ForkedBooter.java:507)
at org.apache.maven.surefire.booter.ForkedBooter.main(ForkedBooter.java:495)
]]>
            </full-stacktrace>
          </exception> <!-- java.lang.AssertionError -->
          <reporter-output>
          </reporter-output>
        </test-method> <!-- verifyLoginTest -->
        <test-method is-config="true" signature="teardown()[pri:0, instance:testCases.LoginTestcase@4ec4f3a0]" started-at="2024-02-14T17:08:53 IST" name="teardown" finished-at="2024-02-14T17:08:53 IST" duration-ms="97" status="PASS">
          <reporter-output>
          </reporter-output>
        </test-method> <!-- teardown -->
      </class> <!-- testCases.LoginTestcase -->
    </test> <!-- Test -->
  </suite> <!-- Suite -->
</testng-results>
