<?xml version="1.0" encoding="UTF-8"?>
<testng-results ignored="0" total="2" passed="1" failed="1" skipped="0">
  <reporter-output>
  </reporter-output>
  <suite started-at="2024-02-14T17:04:28 IST" name="Suite" finished-at="2024-02-14T17:04:35 IST" duration-ms="6543">
    <groups>
      <group name="regression">
        <method signature="LoginTestcase.verifyLoginTest()[pri:0, instance:testCases.LoginTestcase@1fa121e2]" name="verifyLoginTest" class="testCases.LoginTestcase"/>
        <method signature="ValidatesearchingwithanexistingProductName.validatingSearchbox()[pri:0, instance:testCases.ValidatesearchingwithanexistingProductName@3857f613]" name="validatingSearchbox" class="testCases.ValidatesearchingwithanexistingProductName"/>
      </group> <!-- regression -->
      <group name="master">
        <method signature="LoginTestcase.verifyLoginTest()[pri:0, instance:testCases.LoginTestcase@1fa121e2]" name="verifyLoginTest" class="testCases.LoginTestcase"/>
        <method signature="ValidatesearchingwithanexistingProductName.validatingSearchbox()[pri:0, instance:testCases.ValidatesearchingwithanexistingProductName@3857f613]" name="validatingSearchbox" class="testCases.ValidatesearchingwithanexistingProductName"/>
      </group> <!-- master -->
    </groups>
    <test started-at="2024-02-14T17:04:28 IST" name="Test" finished-at="2024-02-14T17:04:35 IST" duration-ms="6543">
      <class name="testCases.ValidatesearchingwithanexistingProductName">
        <test-method is-config="true" signature="Setup(java.lang.String,java.lang.String)[pri:0, instance:testCases.ValidatesearchingwithanexistingProductName@3857f613]" started-at="2024-02-14T17:04:31 IST" name="Setup" finished-at="2024-02-14T17:04:33 IST" duration-ms="1498" status="PASS">
          <params>
            <param index="0">
              <value>
                <![CDATA[chrome]]>
              </value>
            </param>
            <param index="1">
              <value>
                <![CDATA[windows]]>
              </value>
            </param>
          </params>
          <reporter-output>
          </reporter-output>
        </test-method> <!-- Setup -->
        <test-method signature="validatingSearchbox()[pri:0, instance:testCases.ValidatesearchingwithanexistingProductName@3857f613]" started-at="2024-02-14T17:04:33 IST" name="validatingSearchbox" finished-at="2024-02-14T17:04:34 IST" duration-ms="1573" status="PASS">
          <reporter-output>
          </reporter-output>
        </test-method> <!-- validatingSearchbox -->
        <test-method is-config="true" signature="teardown()[pri:0, instance:testCases.ValidatesearchingwithanexistingProductName@3857f613]" started-at="2024-02-14T17:04:34 IST" name="teardown" finished-at="2024-02-14T17:04:35 IST" duration-ms="93" status="PASS">
          <reporter-output>
          </reporter-output>
        </test-method> <!-- teardown -->
      </class> <!-- testCases.ValidatesearchingwithanexistingProductName -->
      <class name="testCases.LoginTestcase">
        <test-method is-config="true" signature="Setup(java.lang.String,java.lang.String)[pri:0, instance:testCases.LoginTestcase@1fa121e2]" started-at="2024-02-14T17:04:28 IST" name="Setup" finished-at="2024-02-14T17:04:30 IST" duration-ms="2297" status="PASS">
          <params>
            <param index="0">
              <value>
                <![CDATA[chrome]]>
              </value>
            </param>
            <param index="1">
              <value>
                <![CDATA[windows]]>
              </value>
            </param>
          </params>
          <reporter-output>
          </reporter-output>
        </test-method> <!-- Setup -->
        <test-method signature="verifyLoginTest()[pri:0, instance:testCases.LoginTestcase@1fa121e2]" started-at="2024-02-14T17:04:30 IST" name="verifyLoginTest" finished-at="2024-02-14T17:04:31 IST" duration-ms="607" status="FAIL">
          <exception class="java.lang.AssertionError">
            <message>
              <![CDATA[expected [true] but found [false]]]>
            </message>
            <full-stacktrace>
              <![CDATA[java.lang.AssertionError: expected [true] but found [false]
at org.testng.Assert.fail(Assert.java:111)
at org.testng.Assert.failNotEquals(Assert.java:1578)
at org.testng.Assert.assertEqualsImpl(Assert.java:150)
at org.testng.Assert.assertEquals(Assert.java:132)
at org.testng.Assert.assertEquals(Assert.java:1067)
at org.testng.Assert.assertEquals(Assert.java:1031)
at org.testng.Assert.assertEquals(Assert.java:1077)
at testCases.LoginTestcase.verifyLoginTest(LoginTestcase.java:30)
at java.base/jdk.internal.reflect.DirectMethodHandleAccessor.invoke(DirectMethodHandleAccessor.java:103)
at java.base/java.lang.reflect.Method.invoke(Method.java:580)
at org.testng.internal.invokers.MethodInvocationHelper.invokeMethod(MethodInvocationHelper.java:139)
at org.testng.internal.invokers.TestInvoker.invokeMethod(TestInvoker.java:664)
at org.testng.internal.invokers.TestInvoker.invokeTestMethod(TestInvoker.java:228)
at org.testng.internal.invokers.MethodRunner.runInSequence(MethodRunner.java:63)
at org.testng.internal.invokers.TestInvoker$MethodInvocationAgent.invoke(TestInvoker.java:961)
at org.testng.internal.invokers.TestInvoker.invokeTestMethods(TestInvoker.java:201)
at org.testng.internal.invokers.TestMethodWorker.invokeTestMethods(TestMethodWorker.java:148)
at org.testng.internal.invokers.TestMethodWorker.run(TestMethodWorker.java:128)
at java.base/java.util.ArrayList.forEach(ArrayList.java:1596)
at org.testng.TestRunner.privateRun(TestRunner.java:819)
at org.testng.TestRunner.run(TestRunner.java:619)
at org.testng.SuiteRunner.runTest(SuiteRunner.java:443)
at org.testng.SuiteRunner.runSequentially(SuiteRunner.java:437)
at org.testng.SuiteRunner.privateRun(SuiteRunner.java:397)
at org.testng.SuiteRunner.run(SuiteRunner.java:336)
at org.testng.SuiteRunnerWorker.runSuite(SuiteRunnerWorker.java:52)
at org.testng.SuiteRunnerWorker.run(SuiteRunnerWorker.java:95)
at org.testng.TestNG.runSuitesSequentially(TestNG.java:1301)
at org.testng.TestNG.runSuitesLocally(TestNG.java:1228)
at org.testng.TestNG.runSuites(TestNG.java:1134)
at org.testng.TestNG.run(TestNG.java:1101)
at org.testng.remote.AbstractRemoteTestNG.run(AbstractRemoteTestNG.java:115)
at org.testng.remote.RemoteTestNG.initAndRun(RemoteTestNG.java:251)
at org.testng.remote.RemoteTestNG.main(RemoteTestNG.java:77)
]]>
            </full-stacktrace>
          </exception> <!-- java.lang.AssertionError -->
          <reporter-output>
          </reporter-output>
        </test-method> <!-- verifyLoginTest -->
        <test-method is-config="true" signature="teardown()[pri:0, instance:testCases.LoginTestcase@1fa121e2]" started-at="2024-02-14T17:04:31 IST" name="teardown" finished-at="2024-02-14T17:04:31 IST" duration-ms="93" status="PASS">
          <reporter-output>
          </reporter-output>
        </test-method> <!-- teardown -->
      </class> <!-- testCases.LoginTestcase -->
    </test> <!-- Test -->
  </suite> <!-- Suite -->
</testng-results>
